<-= 1 =->
name = Basics
city = Dallas
name = Allied
city = Dallas
<-= 2 =->
name = folder
name = clip
<-= 3 =->
name = Basics
pid = p03
sum = 1620.00
name = ACME
pid = p01
sum = 1360.00
name = Allied
pid = p05
sum = 1104.00
name = Tiptop
pid = p07
sum = 720.00
name = Tiptop
pid = p06
sum = 720.00
name = ACME
pid = p07
sum = 600.00
name = Tiptop
pid = p03
sum = 540.00
name = Tiptop
pid = p04
sum = 540.00
name = Tiptop
pid = p05
sum = 450.00
name = Tiptop
pid = p01
sum = 450.00
name = Tiptop
pid = p02
sum = 180.00
<-= 4 =->
name = Basics
pid = p03
coalesce = 1620.00
name = ACME
pid = p01
coalesce = 1360.00
name = Allied
pid = p05
coalesce = 1104.00
name = Tiptop
pid = p07
coalesce = 720.00
name = Tiptop
pid = p06
coalesce = 720.00
name = ACME
pid = p07
coalesce = 600.00
name = Tiptop
pid = p04
coalesce = 540.00
name = Tiptop
pid = p03
coalesce = 540.00
name = Tiptop
pid = p01
coalesce = 450.00
name = Tiptop
pid = p05
coalesce = 450.00
name = Tiptop
pid = p02
coalesce = 180.00
<-= 5 =->
name = Basics
name = razor
name = Brown
name = Allied
name = pencil
name = Brown
name = Tiptop
name = pen
name = Brown
name = ACME
name = case
name = Brown
<-= 6 =->
dollars = 740.00
truetotal = 704.0000000000000000000000
<-= 7 =->
pid = p01
name = comb
city = Dallas
quantity = 111400
priceusd = 0.50
pid = p02
name = brush
city = Newark
quantity = 203000
priceusd = 0.50
pid = p03
name = razor
city = Duluth
quantity = 150600
priceusd = 1.00
pid = p04
name = pen
city = Duluth
quantity = 125300
priceusd = 1.00
pid = p05
name = pencil
city = Dallas
quantity = 221400
priceusd = 1.00
pid = p06
name = folder
city = Dallas
quantity = 123100
priceusd = 2.00
pid = p07
name = case
city = Newark
quantity = 100500
priceusd = 1.00
pid = p08
name = clip
city = Newark
quantity = 200600
priceusd = 1.25
<-= end =->
